<?xml version="1.0" encoding="UTF-8"?>
<coverage generated="1763553594485" clover="3.2.0">
  <project timestamp="1763553594486" name="All files">
    <metrics statements="200" coveredstatements="200" conditionals="83" coveredconditionals="76" methods="36" coveredmethods="36" elements="319" coveredelements="312" complexity="0" loc="200" ncloc="200" packages="9" files="20" classes="20"/>
    <package name="app">
      <metrics statements="12" coveredstatements="12" conditionals="4" coveredconditionals="4" methods="3" coveredmethods="3"/>
      <file name="app.config.ts" path="/var/www/html/razin/TicTacToe/app/app.config.ts">
        <metrics statements="0" coveredstatements="0" conditionals="0" coveredconditionals="0" methods="0" coveredmethods="0"/>
      </file>
      <file name="app.vue" path="/var/www/html/razin/TicTacToe/app/app.vue">
        <metrics statements="12" coveredstatements="12" conditionals="4" coveredconditionals="4" methods="3" coveredmethods="3"/>
        <line num="14" count="2" type="stmt"/>
        <line num="15" count="2" type="stmt"/>
        <line num="33" count="2" type="stmt"/>
        <line num="34" count="2" type="stmt"/>
        <line num="35" count="2" type="stmt"/>
        <line num="36" count="2" type="cond" truecount="2" falsecount="0"/>
        <line num="38" count="1" type="stmt"/>
        <line num="45" count="2" type="cond" truecount="2" falsecount="0"/>
        <line num="46" count="1" type="stmt"/>
        <line num="57" count="1" type="stmt"/>
        <line num="58" count="1" type="stmt"/>
        <line num="68" count="1" type="stmt"/>
      </file>
    </package>
    <package name="app.assets.css">
      <metrics statements="0" coveredstatements="0" conditionals="0" coveredconditionals="0" methods="0" coveredmethods="0"/>
      <file name="main.css" path="/var/www/html/razin/TicTacToe/app/assets/css/main.css">
        <metrics statements="0" coveredstatements="0" conditionals="0" coveredconditionals="0" methods="0" coveredmethods="0"/>
      </file>
    </package>
    <package name="app.components">
      <metrics statements="32" coveredstatements="32" conditionals="17" coveredconditionals="17" methods="4" coveredmethods="4"/>
      <file name="GameBoard.vue" path="/var/www/html/razin/TicTacToe/app/components/GameBoard.vue">
        <metrics statements="6" coveredstatements="6" conditionals="7" coveredconditionals="7" methods="1" coveredmethods="1"/>
        <line num="2" count="61" type="stmt"/>
        <line num="40" count="3" type="stmt"/>
        <line num="67" count="19" type="stmt"/>
        <line num="89" count="61" type="stmt"/>
        <line num="96" count="14" type="stmt"/>
        <line num="97" count="14" type="stmt"/>
      </file>
      <file name="GameBoardSkeleton.vue" path="/var/www/html/razin/TicTacToe/app/components/GameBoardSkeleton.vue">
        <metrics statements="1" coveredstatements="1" conditionals="0" coveredconditionals="0" methods="0" coveredmethods="0"/>
        <line num="2" count="19" type="stmt"/>
      </file>
      <file name="GameRestButton.vue" path="/var/www/html/razin/TicTacToe/app/components/GameRestButton.vue">
        <metrics statements="4" coveredstatements="4" conditionals="0" coveredconditionals="0" methods="0" coveredmethods="0"/>
        <line num="2" count="3" type="stmt"/>
        <line num="12" count="3" type="stmt"/>
        <line num="14" count="3" type="stmt"/>
        <line num="16" count="1" type="stmt"/>
      </file>
      <file name="GameScore.vue" path="/var/www/html/razin/TicTacToe/app/components/GameScore.vue">
        <metrics statements="6" coveredstatements="6" conditionals="0" coveredconditionals="0" methods="2" coveredmethods="2"/>
        <line num="2" count="19" type="stmt"/>
        <line num="3" count="19" type="stmt"/>
        <line num="25" count="11" type="stmt"/>
        <line num="26" count="11" type="stmt"/>
        <line num="28" count="21" type="stmt"/>
        <line num="29" count="17" type="stmt"/>
      </file>
      <file name="GameScoreSkeleton.vue" path="/var/www/html/razin/TicTacToe/app/components/GameScoreSkeleton.vue">
        <metrics statements="1" coveredstatements="1" conditionals="0" coveredconditionals="0" methods="0" coveredmethods="0"/>
        <line num="2" count="19" type="stmt"/>
      </file>
      <file name="GameStatus.vue" path="/var/www/html/razin/TicTacToe/app/components/GameStatus.vue">
        <metrics statements="3" coveredstatements="3" conditionals="4" coveredconditionals="4" methods="0" coveredmethods="0"/>
        <line num="2" count="29" type="stmt"/>
        <line num="3" count="19" type="stmt"/>
        <line num="26" count="11" type="stmt"/>
      </file>
      <file name="PlayerIcon.vue" path="/var/www/html/razin/TicTacToe/app/components/PlayerIcon.vue">
        <metrics statements="11" coveredstatements="11" conditionals="6" coveredconditionals="6" methods="1" coveredmethods="1"/>
        <line num="3" count="405" type="stmt"/>
        <line num="13" count="257" type="stmt"/>
        <line num="17" count="257" type="stmt"/>
        <line num="18" count="257" type="stmt"/>
        <line num="20" count="257" type="stmt"/>
        <line num="23" count="405" type="cond" truecount="2" falsecount="0"/>
        <line num="24" count="405" type="cond" truecount="2" falsecount="0"/>
        <line num="25" count="127" type="stmt"/>
        <line num="27" count="278" type="cond" truecount="2" falsecount="0"/>
        <line num="28" count="276" type="stmt"/>
        <line num="31" count="2" type="stmt"/>
      </file>
    </package>
    <package name="app.config">
      <metrics statements="4" coveredstatements="4" conditionals="0" coveredconditionals="0" methods="1" coveredmethods="1"/>
      <file name="game.config.ts" path="/var/www/html/razin/TicTacToe/app/config/game.config.ts">
        <metrics statements="3" coveredstatements="3" conditionals="0" coveredconditionals="0" methods="1" coveredmethods="1"/>
        <line num="12" count="25" type="stmt"/>
        <line num="21" count="25" type="stmt"/>
        <line num="22" count="25" type="stmt"/>
      </file>
      <file name="tsParticles.config.ts" path="/var/www/html/razin/TicTacToe/app/config/tsParticles.config.ts">
        <metrics statements="1" coveredstatements="1" conditionals="0" coveredconditionals="0" methods="0" coveredmethods="0"/>
        <line num="1" count="1" type="stmt"/>
      </file>
    </package>
    <package name="app.constants">
      <metrics statements="6" coveredstatements="6" conditionals="0" coveredconditionals="0" methods="0" coveredmethods="0"/>
      <file name="game.constants.ts" path="/var/www/html/razin/TicTacToe/app/constants/game.constants.ts">
        <metrics statements="6" coveredstatements="6" conditionals="0" coveredconditionals="0" methods="0" coveredmethods="0"/>
        <line num="6" count="30" type="stmt"/>
        <line num="7" count="30" type="stmt"/>
        <line num="12" count="30" type="stmt"/>
        <line num="13" count="30" type="stmt"/>
        <line num="18" count="30" type="stmt"/>
        <line num="23" count="30" type="stmt"/>
      </file>
    </package>
    <package name="app.pages">
      <metrics statements="9" coveredstatements="9" conditionals="4" coveredconditionals="4" methods="0" coveredmethods="0"/>
      <file name="index.vue" path="/var/www/html/razin/TicTacToe/app/pages/index.vue">
        <metrics statements="9" coveredstatements="9" conditionals="4" coveredconditionals="4" methods="0" coveredmethods="0"/>
        <line num="5" count="5" type="stmt"/>
        <line num="6" count="5" type="stmt"/>
        <line num="7" count="5" type="stmt"/>
        <line num="10" count="5" type="stmt"/>
        <line num="11" count="5" type="stmt"/>
        <line num="15" count="5" type="stmt"/>
        <line num="17" count="5" type="stmt"/>
        <line num="21" count="5" type="stmt"/>
        <line num="32" count="5" type="stmt"/>
      </file>
    </package>
    <package name="app.plugins">
      <metrics statements="4" coveredstatements="4" conditionals="2" coveredconditionals="1" methods="2" coveredmethods="2"/>
      <file name="tsparticles.ts" path="/var/www/html/razin/TicTacToe/app/plugins/tsparticles.ts">
        <metrics statements="4" coveredstatements="4" conditionals="2" coveredconditionals="1" methods="2" coveredmethods="2"/>
        <line num="8" count="17" type="stmt"/>
        <line num="13" count="17" type="cond" truecount="1" falsecount="1"/>
        <line num="14" count="17" type="stmt"/>
        <line num="17" count="17" type="stmt"/>
      </file>
    </package>
    <package name="app.stores">
      <metrics statements="63" coveredstatements="63" conditionals="18" coveredconditionals="15" methods="16" coveredmethods="16"/>
      <file name="useGameScoreStore.ts" path="/var/www/html/razin/TicTacToe/app/stores/useGameScoreStore.ts">
        <metrics statements="6" coveredstatements="6" conditionals="2" coveredconditionals="1" methods="3" coveredmethods="3"/>
        <line num="4" count="25" type="stmt"/>
        <line num="5" count="27" type="stmt"/>
        <line num="11" count="19" type="cond" truecount="1" falsecount="1"/>
        <line num="15" count="1" type="stmt"/>
        <line num="16" count="1" type="stmt"/>
        <line num="19" count="27" type="stmt"/>
      </file>
      <file name="useGameStore.ts" path="/var/www/html/razin/TicTacToe/app/stores/useGameStore.ts">
        <metrics statements="57" coveredstatements="57" conditionals="16" coveredconditionals="14" methods="13" coveredmethods="13"/>
        <line num="13" count="24" type="stmt"/>
        <line num="17" count="24" type="stmt"/>
        <line num="18" count="24" type="stmt"/>
        <line num="21" count="24" type="stmt"/>
        <line num="24" count="24" type="stmt"/>
        <line num="27" count="24" type="stmt"/>
        <line num="28" count="24" type="stmt"/>
        <line num="33" count="24" type="stmt"/>
        <line num="34" count="24" type="stmt"/>
        <line num="37" count="24" type="stmt"/>
        <line num="38" count="24" type="stmt"/>
        <line num="42" count="24" type="stmt"/>
        <line num="43" count="24" type="stmt"/>
        <line num="44" count="24" type="stmt"/>
        <line num="46" count="26" type="cond" truecount="2" falsecount="0"/>
        <line num="49" count="24" type="stmt"/>
        <line num="57" count="4" type="stmt"/>
        <line num="58" count="4" type="stmt"/>
        <line num="59" count="4" type="stmt"/>
        <line num="67" count="75" type="cond" truecount="2" falsecount="0"/>
        <line num="68" count="1" type="stmt"/>
        <line num="71" count="74" type="stmt"/>
        <line num="72" count="74" type="stmt"/>
        <line num="74" count="74" type="stmt"/>
        <line num="76" count="74" type="cond" truecount="2" falsecount="0"/>
        <line num="77" count="2" type="stmt"/>
        <line num="78" count="2" type="stmt"/>
        <line num="82" count="72" type="cond" truecount="1" falsecount="1"/>
        <line num="83" count="72" type="stmt"/>
        <line num="87" count="72" type="stmt"/>
        <line num="94" count="72" type="cond" truecount="4" falsecount="0"/>
        <line num="95" count="9" type="stmt"/>
        <line num="96" count="63" type="cond" truecount="2" falsecount="0"/>
        <line num="98" count="1" type="stmt"/>
        <line num="102" count="62" type="stmt"/>
        <line num="106" count="74" type="stmt"/>
        <line num="114" count="62" type="cond" truecount="1" falsecount="1"/>
        <line num="115" count="62" type="stmt"/>
        <line num="123" count="9" type="stmt"/>
        <line num="124" count="9" type="stmt"/>
        <line num="125" count="9" type="stmt"/>
        <line num="132" count="9" type="stmt"/>
        <line num="136" count="1" type="stmt"/>
        <line num="137" count="1" type="stmt"/>
        <line num="142" count="16" type="stmt"/>
        <line num="145" count="16" type="stmt"/>
        <line num="148" count="16" type="stmt"/>
        <line num="149" count="16" type="stmt"/>
        <line num="154" count="16" type="stmt"/>
        <line num="155" count="16" type="stmt"/>
        <line num="158" count="16" type="stmt"/>
        <line num="159" count="16" type="stmt"/>
        <line num="161" count="16" type="stmt"/>
        <line num="168" count="1" type="stmt"/>
        <line num="172" count="24" type="stmt"/>
        <line num="173" count="6" type="stmt"/>
        <line num="176" count="24" type="stmt"/>
      </file>
    </package>
    <package name="app.utils">
      <metrics statements="70" coveredstatements="70" conditionals="38" coveredconditionals="35" methods="10" coveredmethods="10"/>
      <file name="board.utils.ts" path="/var/www/html/razin/TicTacToe/app/utils/board.utils.ts">
        <metrics statements="21" coveredstatements="21" conditionals="18" coveredconditionals="15" methods="5" coveredmethods="5"/>
        <line num="7" count="25" type="stmt"/>
        <line num="8" count="83" type="stmt"/>
        <line num="14" count="25" type="stmt"/>
        <line num="15" count="65" type="stmt"/>
        <line num="16" count="80" type="cond" truecount="1" falsecount="1"/>
        <line num="17" count="186" type="cond" truecount="2" falsecount="0"/>
        <line num="18" count="63" type="stmt"/>
        <line num="22" count="2" type="stmt"/>
        <line num="30" count="25" type="stmt"/>
        <line num="31" count="9" type="stmt"/>
        <line num="33" count="9" type="stmt"/>
        <line num="34" count="27" type="cond" truecount="1" falsecount="1"/>
        <line num="35" count="81" type="cond" truecount="2" falsecount="0"/>
        <line num="36" count="33" type="stmt"/>
        <line num="41" count="9" type="stmt"/>
        <line num="49" count="25" type="stmt"/>
        <line num="50" count="24" type="stmt"/>
        <line num="61" count="25" type="stmt"/>
        <line num="62" count="12" type="cond" truecount="2" falsecount="0"/>
        <line num="63" count="3" type="stmt"/>
        <line num="65" count="9" type="cond" truecount="2" falsecount="0"/>
      </file>
      <file name="checkWin.ts" path="/var/www/html/razin/TicTacToe/app/utils/checkWin.ts">
        <metrics statements="43" coveredstatements="43" conditionals="16" coveredconditionals="16" methods="1" coveredmethods="1"/>
        <line num="18" count="118" type="stmt"/>
        <line num="19" count="367" type="stmt"/>
        <line num="20" count="367" type="stmt"/>
        <line num="21" count="491" type="cond" truecount="2" falsecount="0"/>
        <line num="22" count="137" type="stmt"/>
        <line num="25" count="354" type="stmt"/>
        <line num="29" count="367" type="cond" truecount="2" falsecount="0"/>
        <line num="30" count="13" type="stmt"/>
        <line num="31" count="13" type="stmt"/>
        <line num="32" count="43" type="stmt"/>
        <line num="34" count="13" type="stmt"/>
        <line num="39" count="105" type="stmt"/>
        <line num="40" count="332" type="stmt"/>
        <line num="41" count="332" type="stmt"/>
        <line num="42" count="438" type="cond" truecount="2" falsecount="0"/>
        <line num="43" count="114" type="stmt"/>
        <line num="46" count="324" type="stmt"/>
        <line num="50" count="332" type="cond" truecount="2" falsecount="0"/>
        <line num="51" count="8" type="stmt"/>
        <line num="52" count="8" type="stmt"/>
        <line num="53" count="28" type="stmt"/>
        <line num="55" count="8" type="stmt"/>
        <line num="60" count="97" type="stmt"/>
        <line num="61" count="97" type="stmt"/>
        <line num="62" count="146" type="cond" truecount="2" falsecount="0"/>
        <line num="63" count="52" type="stmt"/>
        <line num="66" count="94" type="stmt"/>
        <line num="70" count="97" type="cond" truecount="2" falsecount="0"/>
        <line num="71" count="3" type="stmt"/>
        <line num="72" count="3" type="stmt"/>
        <line num="73" count="10" type="stmt"/>
        <line num="75" count="3" type="stmt"/>
        <line num="79" count="94" type="stmt"/>
        <line num="80" count="94" type="stmt"/>
        <line num="81" count="113" type="cond" truecount="2" falsecount="0"/>
        <line num="82" count="22" type="stmt"/>
        <line num="85" count="91" type="stmt"/>
        <line num="89" count="94" type="cond" truecount="2" falsecount="0"/>
        <line num="90" count="3" type="stmt"/>
        <line num="91" count="3" type="stmt"/>
        <line num="92" count="10" type="stmt"/>
        <line num="94" count="3" type="stmt"/>
        <line num="97" count="91" type="stmt"/>
      </file>
      <file name="shared.ts" path="/var/www/html/razin/TicTacToe/app/utils/shared.ts">
        <metrics statements="6" coveredstatements="6" conditionals="4" coveredconditionals="4" methods="4" coveredmethods="4"/>
        <line num="13" count="111" type="stmt"/>
        <line num="14" count="356" type="stmt"/>
        <line num="21" count="26" type="stmt"/>
        <line num="22" count="64" type="cond" truecount="2" falsecount="0"/>
        <line num="30" count="26" type="stmt"/>
        <line num="31" count="4" type="cond" truecount="2" falsecount="0"/>
      </file>
    </package>
  </project>
</coverage>
