{"/var/www/html/razin/TicTacToe/app/app.config.ts": {"path":"/var/www/html/razin/TicTacToe/app/app.config.ts","statementMap":{},"fnMap":{},"branchMap":{},"s":{},"f":{},"b":{},"meta":{"lastBranch":0,"lastFunction":0,"lastStatement":0,"seen":{}}}
,"/var/www/html/razin/TicTacToe/app/app.vue": {"path":"/var/www/html/razin/TicTacToe/app/app.vue","statementMap":{"0":{"start":{"line":14,"column":8},"end":{"line":15,"column":13}},"1":{"start":{"line":15,"column":13},"end":{"line":31,"column":null}},"2":{"start":{"line":33,"column":14},"end":{"line":33,"column":null}},"3":{"start":{"line":34,"column":14},"end":{"line":34,"column":null}},"4":{"start":{"line":34,"column":18},"end":{"line":43,"column":null}},"5":{"start":{"line":35,"column":19},"end":{"line":36,"column":null}},"6":{"start":{"line":36,"column":19},"end":{"line":43,"column":18}},"7":{"start":{"line":38,"column":4},"end":{"line":42,"column":null}},"8":{"start":{"line":45,"column":19},"end":{"line":65,"column":null}},"9":{"start":{"line":46,"column":21},"end":{"line":63,"column":null}},"10":{"start":{"line":57,"column":12},"end":{"line":57,"column":null}},"11":{"start":{"line":58,"column":9},"end":{"line":58,"column":null}},"12":{"start":{"line":68,"column":19},"end":{"line":68,"column":null}}},"fnMap":{"0":{"name":"(anonymous_0)","decl":{"start":{"line":35,"column":12},"end":{"line":35,"column":19}},"loc":{"start":{"line":35,"column":19},"end":{"line":43,"column":null}},"line":35},"1":{"name":"checkAndInstallPwa","decl":{"start":{"line":45,"column":12},"end":{"line":45,"column":19}},"loc":{"start":{"line":45,"column":19},"end":{"line":66,"column":18}},"line":45},"2":{"name":"(anonymous_2)","decl":{"start":{"line":56,"column":16},"end":{"line":56,"column":null}},"loc":{"start":{"line":56,"column":16},"end":{"line":59,"column":null}},"line":56}},"branchMap":{"0":{"loc":{"start":{"line":36,"column":19},"end":{"line":43,"column":18}},"type":"if","locations":[{"start":{"line":36,"column":19},"end":{"line":43,"column":18}},{"start":{},"end":{}}],"line":36},"1":{"loc":{"start":{"line":45,"column":19},"end":{"line":65,"column":null}},"type":"if","locations":[{"start":{"line":45,"column":19},"end":{"line":65,"column":null}},{"start":{},"end":{}}],"line":45}},"s":{"0":2,"1":2,"2":2,"3":2,"4":2,"5":2,"6":2,"7":1,"8":2,"9":1,"10":1,"11":1,"12":1},"f":{"0":2,"1":2,"2":1},"b":{"0":[1,1],"1":[1,1]},"meta":{"lastBranch":2,"lastFunction":3,"lastStatement":13,"seen":{"s:14:8:15:13":0,"s:15:13:31:Infinity":1,"s:33:14:33:Infinity":2,"s:34:14:34:Infinity":3,"s:34:18:43:Infinity":4,"f:35:12:35:19":0,"s:35:19:36:Infinity":5,"b:36:19:43:18:undefined:undefined:undefined:undefined":0,"s:36:19:43:18":6,"s:38:4:42:Infinity":7,"f:45:12:45:19":1,"b:45:19:65:Infinity:undefined:undefined:undefined:undefined":1,"s:45:19:65:Infinity":8,"s:46:21:63:Infinity":9,"f:56:16:56:Infinity":2,"s:57:12:57:Infinity":10,"s:58:9:58:Infinity":11,"s:68:19:68:Infinity":12}}}
,"/var/www/html/razin/TicTacToe/app/assets/css/main.css": {"path":"/var/www/html/razin/TicTacToe/app/assets/css/main.css","statementMap":{},"fnMap":{},"branchMap":{},"s":{},"f":{},"b":{},"meta":{"lastBranch":0,"lastFunction":0,"lastStatement":0,"seen":{}}}
,"/var/www/html/razin/TicTacToe/app/components/GameBoard.vue": {"path":"/var/www/html/razin/TicTacToe/app/components/GameBoard.vue","statementMap":{"0":{"start":{"line":96,"column":0},"end":{"line":96,"column":null}},"1":{"start":{"line":97,"column":9},"end":{"line":97,"column":36}},"2":{"start":{"line":67,"column":36},"end":{"line":67,"column":null}},"3":{"start":{"line":2,"column":4},"end":{"line":2,"column":null}},"4":{"start":{"line":89,"column":14},"end":{"line":89,"column":null}},"5":{"start":{"line":40,"column":34},"end":{"line":40,"column":null}}},"fnMap":{"0":{"name":"(anonymous_0)","decl":{"start":{"line":40,"column":34},"end":{"line":40,"column":null}},"loc":{"start":{"line":40,"column":34},"end":{"line":40,"column":null}},"line":40}},"branchMap":{"0":{"loc":{"start":{"line":28,"column":29},"end":{"line":28,"column":null}},"type":"binary-expr","locations":[{"start":{"line":28,"column":29},"end":{"line":28,"column":null}},{"start":{"line":28,"column":29},"end":{"line":28,"column":null}},{"start":{"line":28,"column":29},"end":{"line":28,"column":null}}],"line":28},"1":{"loc":{"start":{"line":52,"column":37},"end":{"line":83,"column":null}},"type":"cond-expr","locations":[{"start":{"line":52,"column":67},"end":{"line":61,"column":null}},{"start":{"line":61,"column":49},"end":{"line":83,"column":null}}],"line":52},"2":{"loc":{"start":{"line":63,"column":34},"end":{"line":63,"column":null}},"type":"cond-expr","locations":[{"start":{"line":63,"column":34},"end":{"line":63,"column":null}},{"start":{"line":63,"column":34},"end":{"line":63,"column":null}}],"line":63}},"s":{"0":14,"1":14,"2":19,"3":61,"4":61,"5":3},"f":{"0":3},"b":{"0":[738,648,648],"1":[120,618],"2":[54,66]},"meta":{"lastBranch":0,"lastFunction":0,"lastStatement":0,"seen":{}}}
,"/var/www/html/razin/TicTacToe/app/components/GameBoardSkeleton.vue": {"path":"/var/www/html/razin/TicTacToe/app/components/GameBoardSkeleton.vue","statementMap":{"0":{"start":{"line":2,"column":9},"end":{"line":2,"column":null}}},"fnMap":{},"branchMap":{},"s":{"0":19},"f":{},"b":{},"meta":{"lastBranch":0,"lastFunction":0,"lastStatement":1,"seen":{"s:2:9:2:Infinity":0}}}
,"/var/www/html/razin/TicTacToe/app/components/GameRestButton.vue": {"path":"/var/www/html/razin/TicTacToe/app/components/GameRestButton.vue","statementMap":{"0":{"start":{"line":12,"column":0},"end":{"line":12,"column":null}},"1":{"start":{"line":14,"column":9},"end":{"line":14,"column":null}},"2":{"start":{"line":16,"column":0},"end":{"line":16,"column":null}},"3":{"start":{"line":2,"column":4},"end":{"line":2,"column":null}}},"fnMap":{},"branchMap":{},"s":{"0":3,"1":3,"2":1,"3":3},"f":{},"b":{},"meta":{"lastBranch":0,"lastFunction":0,"lastStatement":4,"seen":{"s:12:0:12:Infinity":0,"s:14:9:14:Infinity":1,"s:16:0:16:Infinity":2,"s:2:4:2:Infinity":3}}}
,"/var/www/html/razin/TicTacToe/app/components/GameScore.vue": {"path":"/var/www/html/razin/TicTacToe/app/components/GameScore.vue","statementMap":{"0":{"start":{"line":25,"column":6},"end":{"line":25,"column":null}},"1":{"start":{"line":26,"column":6},"end":{"line":26,"column":null}},"2":{"start":{"line":28,"column":6},"end":{"line":28,"column":null}},"3":{"start":{"line":28,"column":36},"end":{"line":28,"column":67}},"4":{"start":{"line":29,"column":6},"end":{"line":29,"column":null}},"5":{"start":{"line":29,"column":36},"end":{"line":29,"column":67}},"6":{"start":{"line":2,"column":9},"end":{"line":2,"column":null}},"7":{"start":{"line":3,"column":13},"end":{"line":3,"column":null}}},"fnMap":{"0":{"name":"(anonymous_0)","decl":{"start":{"line":28,"column":30},"end":{"line":28,"column":36}},"loc":{"start":{"line":28,"column":36},"end":{"line":28,"column":67}},"line":28},"1":{"name":"(anonymous_1)","decl":{"start":{"line":29,"column":30},"end":{"line":29,"column":36}},"loc":{"start":{"line":29,"column":36},"end":{"line":29,"column":67}},"line":29}},"branchMap":{},"s":{"0":11,"1":11,"2":11,"3":21,"4":11,"5":17,"6":19,"7":19},"f":{"0":21,"1":17},"b":{},"meta":{"lastBranch":0,"lastFunction":2,"lastStatement":8,"seen":{"s:25:6:25:Infinity":0,"s:26:6:26:Infinity":1,"s:28:6:28:Infinity":2,"f:28:30:28:36":0,"s:28:36:28:67":3,"s:29:6:29:Infinity":4,"f:29:30:29:36":1,"s:29:36:29:67":5,"s:2:9:2:Infinity":6,"s:3:13:3:Infinity":7}}}
,"/var/www/html/razin/TicTacToe/app/components/GameScoreSkeleton.vue": {"path":"/var/www/html/razin/TicTacToe/app/components/GameScoreSkeleton.vue","statementMap":{"0":{"start":{"line":2,"column":9},"end":{"line":2,"column":null}}},"fnMap":{},"branchMap":{},"s":{"0":19},"f":{},"b":{},"meta":{"lastBranch":0,"lastFunction":0,"lastStatement":0,"seen":{}}}
,"/var/www/html/razin/TicTacToe/app/components/GameStatus.vue": {"path":"/var/www/html/razin/TicTacToe/app/components/GameStatus.vue","statementMap":{"0":{"start":{"line":26,"column":0},"end":{"line":26,"column":null}},"1":{"start":{"line":3,"column":13},"end":{"line":3,"column":null}},"2":{"start":{"line":2,"column":4},"end":{"line":2,"column":null}}},"fnMap":{},"branchMap":{"0":{"loc":{"start":{"line":9,"column":16},"end":{"line":9,"column":70}},"type":"binary-expr","locations":[{"start":{"line":9,"column":16},"end":{"line":9,"column":null}},{"start":{"line":9,"column":70},"end":{"line":9,"column":70}}],"line":9},"1":{"loc":{"start":{"line":19,"column":16},"end":{"line":19,"column":56}},"type":"binary-expr","locations":[{"start":{"line":19,"column":16},"end":{"line":19,"column":null}},{"start":{"line":19,"column":56},"end":{"line":19,"column":56}}],"line":19}},"s":{"0":11,"1":19,"2":29},"f":{},"b":{"0":[9,5],"1":[14,11]},"meta":{"lastBranch":2,"lastFunction":0,"lastStatement":3,"seen":{"s:26:0:26:Infinity":0,"s:3:13:3:Infinity":1,"s:2:4:2:Infinity":2,"b:9:16:9:Infinity:9:70:9:70":0,"b:19:16:19:Infinity:19:56:19:56":1}}}
,"/var/www/html/razin/TicTacToe/app/components/PlayerIcon.vue": {"path":"/var/www/html/razin/TicTacToe/app/components/PlayerIcon.vue","statementMap":{"0":{"start":{"line":13,"column":0},"end":{"line":13,"column":null}},"1":{"start":{"line":17,"column":13},"end":{"line":17,"column":null}},"2":{"start":{"line":18,"column":6},"end":{"line":18,"column":null}},"3":{"start":{"line":20,"column":17},"end":{"line":20,"column":null}},"4":{"start":{"line":20,"column":32},"end":{"line":20,"column":null}},"5":{"start":{"line":23,"column":18},"end":{"line":23,"column":null}},"6":{"start":{"line":24,"column":8},"end":{"line":30,"column":11}},"7":{"start":{"line":25,"column":4},"end":{"line":26,"column":null}},"8":{"start":{"line":27,"column":8},"end":{"line":30,"column":11}},"9":{"start":{"line":28,"column":4},"end":{"line":28,"column":null}},"10":{"start":{"line":31,"column":1},"end":{"line":31,"column":null}},"11":{"start":{"line":3,"column":14},"end":{"line":3,"column":null}}},"fnMap":{"0":{"name":"(anonymous_0)","decl":{"start":{"line":20,"column":26},"end":{"line":20,"column":32}},"loc":{"start":{"line":20,"column":32},"end":{"line":20,"column":null}},"line":20}},"branchMap":{"0":{"loc":{"start":{"line":23,"column":18},"end":{"line":23,"column":null}},"type":"binary-expr","locations":[{"start":{"line":23,"column":18},"end":{"line":23,"column":28}},{"start":{"line":23,"column":28},"end":{"line":23,"column":null}}],"line":23},"1":{"loc":{"start":{"line":24,"column":8},"end":{"line":30,"column":11}},"type":"if","locations":[{"start":{"line":24,"column":8},"end":{"line":30,"column":11}},{"start":{"line":27,"column":8},"end":{"line":30,"column":11}}],"line":24},"2":{"loc":{"start":{"line":27,"column":8},"end":{"line":30,"column":11}},"type":"if","locations":[{"start":{"line":27,"column":8},"end":{"line":30,"column":11}},{"start":{},"end":{}}],"line":27}},"s":{"0":257,"1":257,"2":257,"3":257,"4":4,"5":405,"6":405,"7":127,"8":278,"9":276,"10":2,"11":405},"f":{"0":4},"b":{"0":[405,2],"1":[127,278],"2":[276,2]},"meta":{"lastBranch":3,"lastFunction":1,"lastStatement":12,"seen":{"s:13:0:13:Infinity":0,"s:17:13:17:Infinity":1,"s:18:6:18:Infinity":2,"s:20:17:20:Infinity":3,"f:20:26:20:32":0,"s:20:32:20:Infinity":4,"s:23:18:23:Infinity":5,"b:23:18:23:28:23:28:23:Infinity":0,"b:24:8:30:11:27:8:30:11":1,"s:24:8:30:11":6,"s:25:4:26:Infinity":7,"b:27:8:30:11:undefined:undefined:undefined:undefined":2,"s:27:8:30:11":8,"s:28:4:28:Infinity":9,"s:31:1:31:Infinity":10,"s:3:14:3:Infinity":11}}}
,"/var/www/html/razin/TicTacToe/app/config/game.config.ts": {"path":"/var/www/html/razin/TicTacToe/app/config/game.config.ts","statementMap":{"0":{"start":{"line":12,"column":38},"end":{"line":16,"column":null}},"1":{"start":{"line":21,"column":36},"end":{"line":23,"column":null}},"2":{"start":{"line":22,"column":4},"end":{"line":22,"column":null}}},"fnMap":{"0":{"name":"(anonymous_0)","decl":{"start":{"line":21,"column":36},"end":{"line":21,"column":54}},"loc":{"start":{"line":21,"column":54},"end":{"line":23,"column":null}},"line":21}},"branchMap":{},"s":{"0":25,"1":25,"2":25},"f":{"0":25},"b":{},"meta":{"lastBranch":0,"lastFunction":1,"lastStatement":3,"seen":{"s:12:38:16:Infinity":0,"s:21:36:23:Infinity":1,"f:21:36:21:54":0,"s:22:4:22:Infinity":2}}}
,"/var/www/html/razin/TicTacToe/app/config/tsParticles.config.ts": {"path":"/var/www/html/razin/TicTacToe/app/config/tsParticles.config.ts","statementMap":{"0":{"start":{"line":1,"column":15},"end":{"line":184,"column":null}}},"fnMap":{},"branchMap":{},"s":{"0":1},"f":{},"b":{},"meta":{"lastBranch":0,"lastFunction":0,"lastStatement":1,"seen":{"s:1:15:184:Infinity":0}}}
,"/var/www/html/razin/TicTacToe/app/constants/game.constants.ts": {"path":"/var/www/html/razin/TicTacToe/app/constants/game.constants.ts","statementMap":{"0":{"start":{"line":6,"column":32},"end":{"line":6,"column":null}},"1":{"start":{"line":7,"column":32},"end":{"line":7,"column":null}},"2":{"start":{"line":12,"column":34},"end":{"line":12,"column":null}},"3":{"start":{"line":13,"column":34},"end":{"line":13,"column":null}},"4":{"start":{"line":18,"column":47},"end":{"line":18,"column":null}},"5":{"start":{"line":23,"column":26},"end":{"line":23,"column":null}}},"fnMap":{},"branchMap":{},"s":{"0":30,"1":30,"2":30,"3":30,"4":30,"5":30},"f":{},"b":{},"meta":{"lastBranch":0,"lastFunction":0,"lastStatement":6,"seen":{"s:6:32:6:Infinity":0,"s:7:32:7:Infinity":1,"s:12:34:12:Infinity":2,"s:13:34:13:Infinity":3,"s:18:47:18:Infinity":4,"s:23:26:23:Infinity":5}}}
,"/var/www/html/razin/TicTacToe/app/pages/index.vue": {"path":"/var/www/html/razin/TicTacToe/app/pages/index.vue","statementMap":{"0":{"start":{"line":15,"column":30},"end":{"line":15,"column":null}},"1":{"start":{"line":17,"column":29},"end":{"line":17,"column":null}},"2":{"start":{"line":32,"column":21},"end":{"line":32,"column":null}},"3":{"start":{"line":5,"column":29},"end":{"line":5,"column":null}},"4":{"start":{"line":6,"column":29},"end":{"line":6,"column":null}},"5":{"start":{"line":7,"column":30},"end":{"line":7,"column":null}},"6":{"start":{"line":21,"column":29},"end":{"line":21,"column":null}},"7":{"start":{"line":10,"column":25},"end":{"line":10,"column":null}},"8":{"start":{"line":11,"column":20},"end":{"line":11,"column":null}}},"fnMap":{},"branchMap":{"0":{"loc":{"start":{"line":23,"column":16},"end":{"line":23,"column":44}},"type":"binary-expr","locations":[{"start":{"line":23,"column":16},"end":{"line":26,"column":null}},{"start":{"line":26,"column":34},"end":{"line":23,"column":44}}],"line":23},"1":{"loc":{"start":{"line":30,"column":37},"end":{"line":30,"column":null}},"type":"cond-expr","locations":[{"start":{"line":30,"column":37},"end":{"line":30,"column":null}},{"start":{"line":30,"column":37},"end":{"line":30,"column":null}}],"line":30}},"s":{"0":5,"1":5,"2":5,"3":5,"4":5,"5":5,"6":5,"7":5,"8":5},"f":{},"b":{"0":[5,5],"1":[10,10]},"meta":{"lastBranch":0,"lastFunction":0,"lastStatement":0,"seen":{}}}
,"/var/www/html/razin/TicTacToe/app/plugins/tsparticles.ts": {"path":"/var/www/html/razin/TicTacToe/app/plugins/tsparticles.ts","statementMap":{"0":{"start":{"line":8,"column":4},"end":{"line":11,"column":null}},"1":{"start":{"line":13,"column":4},"end":{"line":20,"column":null}},"2":{"start":{"line":14,"column":8},"end":{"line":19,"column":null}},"3":{"start":{"line":17,"column":16},"end":{"line":17,"column":null}}},"fnMap":{"0":{"name":"(anonymous_0)","decl":{"start":{"line":6,"column":32},"end":{"line":6,"column":33}},"loc":{"start":{"line":6,"column":45},"end":{"line":21,"column":1}},"line":6},"1":{"name":"(anonymous_1)","decl":{"start":{"line":15,"column":18},"end":{"line":15,"column":25}},"loc":{"start":{"line":15,"column":36},"end":{"line":18,"column":null}},"line":15}},"branchMap":{"0":{"loc":{"start":{"line":13,"column":4},"end":{"line":20,"column":null}},"type":"if","locations":[{"start":{"line":13,"column":4},"end":{"line":20,"column":null}},{"start":{},"end":{}}],"line":13}},"s":{"0":17,"1":17,"2":17,"3":17},"f":{"0":17,"1":17},"b":{"0":[17,0]},"meta":{"lastBranch":1,"lastFunction":2,"lastStatement":4,"seen":{"f:6:32:6:33":0,"s:8:4:11:Infinity":0,"b:13:4:20:Infinity:undefined:undefined:undefined:undefined":0,"s:13:4:20:Infinity":1,"s:14:8:19:Infinity":2,"f:15:18:15:25":1,"s:17:16:17:Infinity":3}}}
,"/var/www/html/razin/TicTacToe/app/stores/useGameScoreStore.ts": {"path":"/var/www/html/razin/TicTacToe/app/stores/useGameScoreStore.ts","statementMap":{"0":{"start":{"line":4,"column":13},"end":{"line":29,"column":null}},"1":{"start":{"line":5,"column":10},"end":{"line":8,"column":null}},"2":{"start":{"line":11,"column":8},"end":{"line":11,"column":null}},"3":{"start":{"line":15,"column":8},"end":{"line":15,"column":null}},"4":{"start":{"line":16,"column":8},"end":{"line":16,"column":null}},"5":{"start":{"line":19,"column":4},"end":{"line":24,"column":null}}},"fnMap":{"0":{"name":"(anonymous_0)","decl":{"start":{"line":4,"column":59},"end":{"line":4,"column":65}},"loc":{"start":{"line":4,"column":65},"end":{"line":25,"column":3}},"line":4},"1":{"name":"updateScore","decl":{"start":{"line":10,"column":13},"end":{"line":10,"column":25}},"loc":{"start":{"line":10,"column":41},"end":{"line":12,"column":null}},"line":10},"2":{"name":"reset","decl":{"start":{"line":14,"column":13},"end":{"line":14,"column":21}},"loc":{"start":{"line":14,"column":21},"end":{"line":17,"column":null}},"line":14}},"branchMap":{"0":{"loc":{"start":{"line":11,"column":31},"end":{"line":11,"column":59}},"type":"binary-expr","locations":[{"start":{"line":11,"column":31},"end":{"line":11,"column":54}},{"start":{"line":11,"column":54},"end":{"line":11,"column":59}}],"line":11}},"s":{"0":25,"1":27,"2":19,"3":1,"4":1,"5":27},"f":{"0":27,"1":19,"2":1},"b":{"0":[19,0]},"meta":{"lastBranch":1,"lastFunction":3,"lastStatement":6,"seen":{"s:4:13:29:Infinity":0,"f:4:59:4:65":0,"s:5:10:8:Infinity":1,"f:10:13:10:25":1,"s:11:8:11:Infinity":2,"b:11:31:11:54:11:54:11:59":0,"f:14:13:14:21":2,"s:15:8:15:Infinity":3,"s:16:8:16:Infinity":4,"s:19:4:24:Infinity":5}}}
,"/var/www/html/razin/TicTacToe/app/stores/useGameStore.ts": {"path":"/var/www/html/razin/TicTacToe/app/stores/useGameStore.ts","statementMap":{"0":{"start":{"line":13,"column":13},"end":{"line":205,"column":null}},"1":{"start":{"line":17,"column":10},"end":{"line":17,"column":null}},"2":{"start":{"line":18,"column":10},"end":{"line":18,"column":null}},"3":{"start":{"line":21,"column":10},"end":{"line":23,"column":null}},"4":{"start":{"line":24,"column":10},"end":{"line":24,"column":null}},"5":{"start":{"line":27,"column":10},"end":{"line":27,"column":null}},"6":{"start":{"line":28,"column":10},"end":{"line":32,"column":null}},"7":{"start":{"line":33,"column":10},"end":{"line":33,"column":null}},"8":{"start":{"line":34,"column":10},"end":{"line":34,"column":null}},"9":{"start":{"line":37,"column":10},"end":{"line":37,"column":null}},"10":{"start":{"line":38,"column":10},"end":{"line":38,"column":null}},"11":{"start":{"line":42,"column":10},"end":{"line":42,"column":null}},"12":{"start":{"line":42,"column":32},"end":{"line":42,"column":49}},"13":{"start":{"line":43,"column":10},"end":{"line":43,"column":null}},"14":{"start":{"line":43,"column":32},"end":{"line":43,"column":49}},"15":{"start":{"line":44,"column":10},"end":{"line":44,"column":null}},"16":{"start":{"line":44,"column":41},"end":{"line":44,"column":67}},"17":{"start":{"line":46,"column":10},"end":{"line":46,"column":null}},"18":{"start":{"line":46,"column":38},"end":{"line":46,"column":75}},"19":{"start":{"line":49,"column":10},"end":{"line":49,"column":null}},"20":{"start":{"line":57,"column":8},"end":{"line":57,"column":null}},"21":{"start":{"line":58,"column":8},"end":{"line":58,"column":null}},"22":{"start":{"line":59,"column":8},"end":{"line":59,"column":null}},"23":{"start":{"line":67,"column":8},"end":{"line":69,"column":null}},"24":{"start":{"line":68,"column":12},"end":{"line":68,"column":null}},"25":{"start":{"line":71,"column":8},"end":{"line":71,"column":null}},"26":{"start":{"line":72,"column":8},"end":{"line":72,"column":null}},"27":{"start":{"line":74,"column":8},"end":{"line":107,"column":null}},"28":{"start":{"line":76,"column":12},"end":{"line":79,"column":null}},"29":{"start":{"line":77,"column":16},"end":{"line":77,"column":null}},"30":{"start":{"line":78,"column":16},"end":{"line":78,"column":null}},"31":{"start":{"line":82,"column":12},"end":{"line":84,"column":null}},"32":{"start":{"line":83,"column":16},"end":{"line":83,"column":null}},"33":{"start":{"line":87,"column":18},"end":{"line":92,"column":null}},"34":{"start":{"line":94,"column":12},"end":{"line":103,"column":null}},"35":{"start":{"line":95,"column":16},"end":{"line":95,"column":null}},"36":{"start":{"line":96,"column":12},"end":{"line":103,"column":null}},"37":{"start":{"line":98,"column":16},"end":{"line":98,"column":null}},"38":{"start":{"line":102,"column":16},"end":{"line":102,"column":null}},"39":{"start":{"line":106,"column":12},"end":{"line":106,"column":null}},"40":{"start":{"line":114,"column":8},"end":{"line":116,"column":null}},"41":{"start":{"line":115,"column":12},"end":{"line":115,"column":null}},"42":{"start":{"line":123,"column":8},"end":{"line":123,"column":null}},"43":{"start":{"line":124,"column":8},"end":{"line":124,"column":null}},"44":{"start":{"line":125,"column":8},"end":{"line":129,"column":null}},"45":{"start":{"line":132,"column":8},"end":{"line":132,"column":null}},"46":{"start":{"line":136,"column":8},"end":{"line":136,"column":null}},"47":{"start":{"line":137,"column":8},"end":{"line":137,"column":null}},"48":{"start":{"line":142,"column":8},"end":{"line":142,"column":null}},"49":{"start":{"line":145,"column":8},"end":{"line":145,"column":null}},"50":{"start":{"line":148,"column":8},"end":{"line":148,"column":null}},"51":{"start":{"line":149,"column":8},"end":{"line":153,"column":null}},"52":{"start":{"line":154,"column":8},"end":{"line":154,"column":null}},"53":{"start":{"line":155,"column":8},"end":{"line":155,"column":null}},"54":{"start":{"line":158,"column":8},"end":{"line":158,"column":null}},"55":{"start":{"line":159,"column":8},"end":{"line":159,"column":null}},"56":{"start":{"line":161,"column":8},"end":{"line":161,"column":null}},"57":{"start":{"line":168,"column":8},"end":{"line":168,"column":null}},"58":{"start":{"line":172,"column":4},"end":{"line":174,"column":null}},"59":{"start":{"line":173,"column":8},"end":{"line":173,"column":null}},"60":{"start":{"line":176,"column":4},"end":{"line":200,"column":null}}},"fnMap":{"0":{"name":"(anonymous_0)","decl":{"start":{"line":13,"column":54},"end":{"line":13,"column":60}},"loc":{"start":{"line":13,"column":60},"end":{"line":201,"column":3}},"line":13},"1":{"name":"(anonymous_1)","decl":{"start":{"line":42,"column":26},"end":{"line":42,"column":32}},"loc":{"start":{"line":42,"column":32},"end":{"line":42,"column":49}},"line":42},"2":{"name":"(anonymous_2)","decl":{"start":{"line":43,"column":26},"end":{"line":43,"column":32}},"loc":{"start":{"line":43,"column":32},"end":{"line":43,"column":49}},"line":43},"3":{"name":"(anonymous_3)","decl":{"start":{"line":44,"column":35},"end":{"line":44,"column":41}},"loc":{"start":{"line":44,"column":41},"end":{"line":44,"column":67}},"line":44},"4":{"name":"(anonymous_4)","decl":{"start":{"line":46,"column":32},"end":{"line":46,"column":38}},"loc":{"start":{"line":46,"column":38},"end":{"line":46,"column":75}},"line":46},"5":{"name":"updateGameConfig","decl":{"start":{"line":56,"column":13},"end":{"line":56,"column":30}},"loc":{"start":{"line":56,"column":68},"end":{"line":60,"column":null}},"line":56},"6":{"name":"makeMove","decl":{"start":{"line":65,"column":13},"end":{"line":65,"column":22}},"loc":{"start":{"line":65,"column":64},"end":{"line":108,"column":null}},"line":65},"7":{"name":"switchPlayer","decl":{"start":{"line":113,"column":13},"end":{"line":113,"column":34}},"loc":{"start":{"line":113,"column":34},"end":{"line":117,"column":null}},"line":113},"8":{"name":"setWinner","decl":{"start":{"line":122,"column":13},"end":{"line":122,"column":23}},"loc":{"start":{"line":122,"column":72},"end":{"line":133,"column":null}},"line":122},"9":{"name":"setDraw","decl":{"start":{"line":135,"column":13},"end":{"line":135,"column":29}},"loc":{"start":{"line":135,"column":29},"end":{"line":138,"column":null}},"line":135},"10":{"name":"resetGame","decl":{"start":{"line":140,"column":13},"end":{"line":140,"column":31}},"loc":{"start":{"line":140,"column":31},"end":{"line":162,"column":null}},"line":140},"11":{"name":"closeResult","decl":{"start":{"line":167,"column":13},"end":{"line":167,"column":33}},"loc":{"start":{"line":167,"column":33},"end":{"line":169,"column":null}},"line":167},"12":{"name":"(anonymous_12)","decl":{"start":{"line":172,"column":14},"end":{"line":172,"column":20}},"loc":{"start":{"line":172,"column":20},"end":{"line":174,"column":5}},"line":172}},"branchMap":{"0":{"loc":{"start":{"line":46,"column":38},"end":{"line":46,"column":75}},"type":"binary-expr","locations":[{"start":{"line":46,"column":38},"end":{"line":46,"column":63}},{"start":{"line":46,"column":63},"end":{"line":46,"column":75}}],"line":46},"1":{"loc":{"start":{"line":67,"column":8},"end":{"line":69,"column":null}},"type":"if","locations":[{"start":{"line":67,"column":8},"end":{"line":69,"column":null}},{"start":{},"end":{}}],"line":67},"2":{"loc":{"start":{"line":76,"column":12},"end":{"line":79,"column":null}},"type":"if","locations":[{"start":{"line":76,"column":12},"end":{"line":79,"column":null}},{"start":{},"end":{}}],"line":76},"3":{"loc":{"start":{"line":82,"column":12},"end":{"line":84,"column":null}},"type":"if","locations":[{"start":{"line":82,"column":12},"end":{"line":84,"column":null}},{"start":{},"end":{}}],"line":82},"4":{"loc":{"start":{"line":94,"column":12},"end":{"line":103,"column":null}},"type":"if","locations":[{"start":{"line":94,"column":12},"end":{"line":103,"column":null}},{"start":{"line":96,"column":12},"end":{"line":103,"column":null}}],"line":94},"5":{"loc":{"start":{"line":94,"column":16},"end":{"line":94,"column":53}},"type":"binary-expr","locations":[{"start":{"line":94,"column":16},"end":{"line":94,"column":29}},{"start":{"line":94,"column":29},"end":{"line":94,"column":53}}],"line":94},"6":{"loc":{"start":{"line":96,"column":12},"end":{"line":103,"column":null}},"type":"if","locations":[{"start":{"line":96,"column":12},"end":{"line":103,"column":null}},{"start":{"line":100,"column":17},"end":{"line":103,"column":null}}],"line":96},"7":{"loc":{"start":{"line":114,"column":8},"end":{"line":116,"column":null}},"type":"if","locations":[{"start":{"line":114,"column":8},"end":{"line":116,"column":null}},{"start":{},"end":{}}],"line":114}},"s":{"0":24,"1":24,"2":24,"3":24,"4":24,"5":24,"6":24,"7":24,"8":24,"9":24,"10":24,"11":24,"12":23,"13":24,"14":23,"15":24,"16":9,"17":24,"18":26,"19":24,"20":4,"21":4,"22":4,"23":75,"24":1,"25":74,"26":74,"27":74,"28":74,"29":2,"30":2,"31":72,"32":72,"33":72,"34":72,"35":9,"36":63,"37":1,"38":62,"39":74,"40":62,"41":62,"42":9,"43":9,"44":9,"45":9,"46":1,"47":1,"48":16,"49":16,"50":16,"51":16,"52":16,"53":16,"54":16,"55":16,"56":16,"57":1,"58":24,"59":6,"60":24},"f":{"0":24,"1":23,"2":23,"3":9,"4":26,"5":4,"6":75,"7":62,"8":9,"9":1,"10":16,"11":1,"12":6},"b":{"0":[26,19],"1":[1,74],"2":[2,72],"3":[72,0],"4":[9,63],"5":[72,9],"6":[1,62],"7":[62,0]},"meta":{"lastBranch":8,"lastFunction":13,"lastStatement":61,"seen":{"s:13:13:205:Infinity":0,"f:13:54:13:60":0,"s:17:10:17:Infinity":1,"s:18:10:18:Infinity":2,"s:21:10:23:Infinity":3,"s:24:10:24:Infinity":4,"s:27:10:27:Infinity":5,"s:28:10:32:Infinity":6,"s:33:10:33:Infinity":7,"s:34:10:34:Infinity":8,"s:37:10:37:Infinity":9,"s:38:10:38:Infinity":10,"s:42:10:42:Infinity":11,"f:42:26:42:32":1,"s:42:32:42:49":12,"s:43:10:43:Infinity":13,"f:43:26:43:32":2,"s:43:32:43:49":14,"s:44:10:44:Infinity":15,"f:44:35:44:41":3,"s:44:41:44:67":16,"s:46:10:46:Infinity":17,"f:46:32:46:38":4,"s:46:38:46:75":18,"b:46:38:46:63:46:63:46:75":0,"s:49:10:49:Infinity":19,"f:56:13:56:30":5,"s:57:8:57:Infinity":20,"s:58:8:58:Infinity":21,"s:59:8:59:Infinity":22,"f:65:13:65:22":6,"b:67:8:69:Infinity:undefined:undefined:undefined:undefined":1,"s:67:8:69:Infinity":23,"s:68:12:68:Infinity":24,"s:71:8:71:Infinity":25,"s:72:8:72:Infinity":26,"s:74:8:107:Infinity":27,"b:76:12:79:Infinity:undefined:undefined:undefined:undefined":2,"s:76:12:79:Infinity":28,"s:77:16:77:Infinity":29,"s:78:16:78:Infinity":30,"b:82:12:84:Infinity:undefined:undefined:undefined:undefined":3,"s:82:12:84:Infinity":31,"s:83:16:83:Infinity":32,"s:87:18:92:Infinity":33,"b:94:12:103:Infinity:96:12:103:Infinity":4,"s:94:12:103:Infinity":34,"b:94:16:94:29:94:29:94:53":5,"s:95:16:95:Infinity":35,"b:96:12:103:Infinity:100:17:103:Infinity":6,"s:96:12:103:Infinity":36,"s:98:16:98:Infinity":37,"s:102:16:102:Infinity":38,"s:106:12:106:Infinity":39,"f:113:13:113:34":7,"b:114:8:116:Infinity:undefined:undefined:undefined:undefined":7,"s:114:8:116:Infinity":40,"s:115:12:115:Infinity":41,"f:122:13:122:23":8,"s:123:8:123:Infinity":42,"s:124:8:124:Infinity":43,"s:125:8:129:Infinity":44,"s:132:8:132:Infinity":45,"f:135:13:135:29":9,"s:136:8:136:Infinity":46,"s:137:8:137:Infinity":47,"f:140:13:140:31":10,"s:142:8:142:Infinity":48,"s:145:8:145:Infinity":49,"s:148:8:148:Infinity":50,"s:149:8:153:Infinity":51,"s:154:8:154:Infinity":52,"s:155:8:155:Infinity":53,"s:158:8:158:Infinity":54,"s:159:8:159:Infinity":55,"s:161:8:161:Infinity":56,"f:167:13:167:33":11,"s:168:8:168:Infinity":57,"s:172:4:174:Infinity":58,"f:172:14:172:20":12,"s:173:8:173:Infinity":59,"s:176:4:200:Infinity":60}}}
,"/var/www/html/razin/TicTacToe/app/utils/board.utils.ts": {"path":"/var/www/html/razin/TicTacToe/app/utils/board.utils.ts","statementMap":{"0":{"start":{"line":7,"column":27},"end":{"line":9,"column":null}},"1":{"start":{"line":8,"column":4},"end":{"line":8,"column":null}},"2":{"start":{"line":14,"column":27},"end":{"line":23,"column":null}},"3":{"start":{"line":15,"column":4},"end":{"line":21,"column":null}},"4":{"start":{"line":15,"column":19},"end":{"line":15,"column":22}},"5":{"start":{"line":16,"column":8},"end":{"line":20,"column":null}},"6":{"start":{"line":16,"column":23},"end":{"line":16,"column":26}},"7":{"start":{"line":17,"column":12},"end":{"line":19,"column":null}},"8":{"start":{"line":18,"column":16},"end":{"line":18,"column":null}},"9":{"start":{"line":22,"column":4},"end":{"line":22,"column":null}},"10":{"start":{"line":30,"column":29},"end":{"line":42,"column":null}},"11":{"start":{"line":31,"column":60},"end":{"line":31,"column":null}},"12":{"start":{"line":33,"column":4},"end":{"line":39,"column":null}},"13":{"start":{"line":33,"column":19},"end":{"line":33,"column":22}},"14":{"start":{"line":34,"column":8},"end":{"line":38,"column":null}},"15":{"start":{"line":34,"column":23},"end":{"line":34,"column":26}},"16":{"start":{"line":35,"column":12},"end":{"line":37,"column":null}},"17":{"start":{"line":36,"column":16},"end":{"line":36,"column":null}},"18":{"start":{"line":41,"column":4},"end":{"line":41,"column":null}},"19":{"start":{"line":49,"column":33},"end":{"line":56,"column":null}},"20":{"start":{"line":50,"column":4},"end":{"line":54,"column":null}},"21":{"start":{"line":61,"column":28},"end":{"line":66,"column":null}},"22":{"start":{"line":62,"column":4},"end":{"line":64,"column":null}},"23":{"start":{"line":63,"column":8},"end":{"line":63,"column":null}},"24":{"start":{"line":65,"column":4},"end":{"line":65,"column":null}}},"fnMap":{"0":{"name":"(anonymous_0)","decl":{"start":{"line":7,"column":27},"end":{"line":7,"column":28}},"loc":{"start":{"line":7,"column":88},"end":{"line":9,"column":null}},"line":7},"1":{"name":"(anonymous_1)","decl":{"start":{"line":14,"column":27},"end":{"line":14,"column":28}},"loc":{"start":{"line":14,"column":62},"end":{"line":23,"column":null}},"line":14},"2":{"name":"(anonymous_2)","decl":{"start":{"line":30,"column":29},"end":{"line":30,"column":30}},"loc":{"start":{"line":30,"column":92},"end":{"line":42,"column":null}},"line":30},"3":{"name":"(anonymous_3)","decl":{"start":{"line":49,"column":33},"end":{"line":49,"column":34}},"loc":{"start":{"line":49,"column":94},"end":{"line":56,"column":null}},"line":49},"4":{"name":"(anonymous_4)","decl":{"start":{"line":61,"column":28},"end":{"line":61,"column":29}},"loc":{"start":{"line":61,"column":91},"end":{"line":66,"column":null}},"line":61}},"branchMap":{"0":{"loc":{"start":{"line":16,"column":33},"end":{"line":16,"column":59}},"type":"binary-expr","locations":[{"start":{"line":16,"column":33},"end":{"line":16,"column":55}},{"start":{"line":16,"column":55},"end":{"line":16,"column":59}}],"line":16},"1":{"loc":{"start":{"line":17,"column":12},"end":{"line":19,"column":null}},"type":"if","locations":[{"start":{"line":17,"column":12},"end":{"line":19,"column":null}},{"start":{},"end":{}}],"line":17},"2":{"loc":{"start":{"line":34,"column":33},"end":{"line":34,"column":59}},"type":"binary-expr","locations":[{"start":{"line":34,"column":33},"end":{"line":34,"column":55}},{"start":{"line":34,"column":55},"end":{"line":34,"column":59}}],"line":34},"3":{"loc":{"start":{"line":35,"column":12},"end":{"line":37,"column":null}},"type":"if","locations":[{"start":{"line":35,"column":12},"end":{"line":37,"column":null}},{"start":{},"end":{}}],"line":35},"4":{"loc":{"start":{"line":51,"column":8},"end":{"line":54,"column":null}},"type":"binary-expr","locations":[{"start":{"line":51,"column":8},"end":{"line":51,"column":null}},{"start":{"line":52,"column":11},"end":{"line":52,"column":null}},{"start":{"line":53,"column":11},"end":{"line":53,"column":null}},{"start":{"line":54,"column":11},"end":{"line":54,"column":null}}],"line":51},"5":{"loc":{"start":{"line":54,"column":18},"end":{"line":54,"column":null}},"type":"binary-expr","locations":[{"start":{"line":54,"column":18},"end":{"line":54,"column":40}},{"start":{"line":54,"column":40},"end":{"line":54,"column":null}}],"line":54},"6":{"loc":{"start":{"line":62,"column":4},"end":{"line":64,"column":null}},"type":"if","locations":[{"start":{"line":62,"column":4},"end":{"line":64,"column":null}},{"start":{},"end":{}}],"line":62},"7":{"loc":{"start":{"line":65,"column":11},"end":{"line":65,"column":null}},"type":"binary-expr","locations":[{"start":{"line":65,"column":11},"end":{"line":65,"column":31}},{"start":{"line":65,"column":31},"end":{"line":65,"column":null}}],"line":65}},"s":{"0":25,"1":83,"2":25,"3":65,"4":65,"5":80,"6":80,"7":186,"8":63,"9":2,"10":25,"11":9,"12":9,"13":9,"14":27,"15":27,"16":81,"17":33,"18":9,"19":25,"20":24,"21":25,"22":12,"23":3,"24":9},"f":{"0":83,"1":65,"2":9,"3":24,"4":12},"b":{"0":[80,0],"1":[63,123],"2":[27,0],"3":[33,48],"4":[24,24,20,20],"5":[20,0],"6":[3,9],"7":[9,3]},"meta":{"lastBranch":8,"lastFunction":5,"lastStatement":25,"seen":{"s:7:27:9:Infinity":0,"f:7:27:7:28":0,"s:8:4:8:Infinity":1,"s:14:27:23:Infinity":2,"f:14:27:14:28":1,"s:15:4:21:Infinity":3,"s:15:19:15:22":4,"s:16:8:20:Infinity":5,"s:16:23:16:26":6,"b:16:33:16:55:16:55:16:59":0,"b:17:12:19:Infinity:undefined:undefined:undefined:undefined":1,"s:17:12:19:Infinity":7,"s:18:16:18:Infinity":8,"s:22:4:22:Infinity":9,"s:30:29:42:Infinity":10,"f:30:29:30:30":2,"s:31:60:31:Infinity":11,"s:33:4:39:Infinity":12,"s:33:19:33:22":13,"s:34:8:38:Infinity":14,"s:34:23:34:26":15,"b:34:33:34:55:34:55:34:59":2,"b:35:12:37:Infinity:undefined:undefined:undefined:undefined":3,"s:35:12:37:Infinity":16,"s:36:16:36:Infinity":17,"s:41:4:41:Infinity":18,"s:49:33:56:Infinity":19,"f:49:33:49:34":3,"s:50:4:54:Infinity":20,"b:51:8:51:Infinity:52:11:52:Infinity:53:11:53:Infinity:54:11:54:Infinity":4,"b:54:18:54:40:54:40:54:Infinity":5,"s:61:28:66:Infinity":21,"f:61:28:61:29":4,"b:62:4:64:Infinity:undefined:undefined:undefined:undefined":6,"s:62:4:64:Infinity":22,"s:63:8:63:Infinity":23,"s:65:4:65:Infinity":24,"b:65:11:65:31:65:31:65:Infinity":7}}}
,"/var/www/html/razin/TicTacToe/app/utils/checkWin.ts": {"path":"/var/www/html/razin/TicTacToe/app/utils/checkWin.ts","statementMap":{"0":{"start":{"line":18,"column":4},"end":{"line":36,"column":null}},"1":{"start":{"line":18,"column":19},"end":{"line":18,"column":22}},"2":{"start":{"line":19,"column":25},"end":{"line":19,"column":null}},"3":{"start":{"line":20,"column":8},"end":{"line":27,"column":null}},"4":{"start":{"line":20,"column":23},"end":{"line":20,"column":26}},"5":{"start":{"line":21,"column":12},"end":{"line":26,"column":null}},"6":{"start":{"line":22,"column":16},"end":{"line":22,"column":null}},"7":{"start":{"line":25,"column":16},"end":{"line":25,"column":null}},"8":{"start":{"line":29,"column":8},"end":{"line":35,"column":null}},"9":{"start":{"line":30,"column":18},"end":{"line":30,"column":null}},"10":{"start":{"line":31,"column":12},"end":{"line":33,"column":null}},"11":{"start":{"line":31,"column":27},"end":{"line":31,"column":30}},"12":{"start":{"line":32,"column":16},"end":{"line":32,"column":null}},"13":{"start":{"line":34,"column":12},"end":{"line":34,"column":null}},"14":{"start":{"line":39,"column":4},"end":{"line":57,"column":null}},"15":{"start":{"line":39,"column":19},"end":{"line":39,"column":22}},"16":{"start":{"line":40,"column":25},"end":{"line":40,"column":null}},"17":{"start":{"line":41,"column":8},"end":{"line":48,"column":null}},"18":{"start":{"line":41,"column":23},"end":{"line":41,"column":26}},"19":{"start":{"line":42,"column":12},"end":{"line":47,"column":null}},"20":{"start":{"line":43,"column":16},"end":{"line":43,"column":null}},"21":{"start":{"line":46,"column":16},"end":{"line":46,"column":null}},"22":{"start":{"line":50,"column":8},"end":{"line":56,"column":null}},"23":{"start":{"line":51,"column":18},"end":{"line":51,"column":null}},"24":{"start":{"line":52,"column":12},"end":{"line":54,"column":null}},"25":{"start":{"line":52,"column":27},"end":{"line":52,"column":30}},"26":{"start":{"line":53,"column":16},"end":{"line":53,"column":null}},"27":{"start":{"line":55,"column":12},"end":{"line":55,"column":null}},"28":{"start":{"line":60,"column":21},"end":{"line":60,"column":null}},"29":{"start":{"line":61,"column":4},"end":{"line":68,"column":null}},"30":{"start":{"line":61,"column":17},"end":{"line":61,"column":20}},"31":{"start":{"line":62,"column":8},"end":{"line":67,"column":null}},"32":{"start":{"line":63,"column":12},"end":{"line":63,"column":null}},"33":{"start":{"line":66,"column":12},"end":{"line":66,"column":null}},"34":{"start":{"line":70,"column":4},"end":{"line":76,"column":null}},"35":{"start":{"line":71,"column":14},"end":{"line":71,"column":null}},"36":{"start":{"line":72,"column":8},"end":{"line":74,"column":null}},"37":{"start":{"line":72,"column":21},"end":{"line":72,"column":24}},"38":{"start":{"line":73,"column":12},"end":{"line":73,"column":null}},"39":{"start":{"line":75,"column":8},"end":{"line":75,"column":null}},"40":{"start":{"line":79,"column":4},"end":{"line":79,"column":null}},"41":{"start":{"line":80,"column":4},"end":{"line":87,"column":null}},"42":{"start":{"line":80,"column":17},"end":{"line":80,"column":20}},"43":{"start":{"line":81,"column":8},"end":{"line":86,"column":null}},"44":{"start":{"line":82,"column":12},"end":{"line":82,"column":null}},"45":{"start":{"line":85,"column":12},"end":{"line":85,"column":null}},"46":{"start":{"line":89,"column":4},"end":{"line":95,"column":null}},"47":{"start":{"line":90,"column":14},"end":{"line":90,"column":null}},"48":{"start":{"line":91,"column":8},"end":{"line":93,"column":null}},"49":{"start":{"line":91,"column":21},"end":{"line":91,"column":24}},"50":{"start":{"line":92,"column":12},"end":{"line":92,"column":null}},"51":{"start":{"line":94,"column":8},"end":{"line":94,"column":null}},"52":{"start":{"line":97,"column":4},"end":{"line":97,"column":null}}},"fnMap":{"0":{"name":"checkWin","decl":{"start":{"line":11,"column":16},"end":{"line":11,"column":null}},"loc":{"start":{"line":16,"column":23},"end":{"line":98,"column":null}},"line":16}},"branchMap":{"0":{"loc":{"start":{"line":21,"column":12},"end":{"line":26,"column":null}},"type":"if","locations":[{"start":{"line":21,"column":12},"end":{"line":26,"column":null}},{"start":{"line":24,"column":17},"end":{"line":26,"column":null}}],"line":21},"1":{"loc":{"start":{"line":29,"column":8},"end":{"line":35,"column":null}},"type":"if","locations":[{"start":{"line":29,"column":8},"end":{"line":35,"column":null}},{"start":{},"end":{}}],"line":29},"2":{"loc":{"start":{"line":42,"column":12},"end":{"line":47,"column":null}},"type":"if","locations":[{"start":{"line":42,"column":12},"end":{"line":47,"column":null}},{"start":{"line":45,"column":17},"end":{"line":47,"column":null}}],"line":42},"3":{"loc":{"start":{"line":50,"column":8},"end":{"line":56,"column":null}},"type":"if","locations":[{"start":{"line":50,"column":8},"end":{"line":56,"column":null}},{"start":{},"end":{}}],"line":50},"4":{"loc":{"start":{"line":62,"column":8},"end":{"line":67,"column":null}},"type":"if","locations":[{"start":{"line":62,"column":8},"end":{"line":67,"column":null}},{"start":{"line":65,"column":13},"end":{"line":67,"column":null}}],"line":62},"5":{"loc":{"start":{"line":70,"column":4},"end":{"line":76,"column":null}},"type":"if","locations":[{"start":{"line":70,"column":4},"end":{"line":76,"column":null}},{"start":{},"end":{}}],"line":70},"6":{"loc":{"start":{"line":81,"column":8},"end":{"line":86,"column":null}},"type":"if","locations":[{"start":{"line":81,"column":8},"end":{"line":86,"column":null}},{"start":{"line":84,"column":13},"end":{"line":86,"column":null}}],"line":81},"7":{"loc":{"start":{"line":89,"column":4},"end":{"line":95,"column":null}},"type":"if","locations":[{"start":{"line":89,"column":4},"end":{"line":95,"column":null}},{"start":{},"end":{}}],"line":89}},"s":{"0":118,"1":118,"2":367,"3":367,"4":367,"5":491,"6":137,"7":354,"8":367,"9":13,"10":13,"11":13,"12":43,"13":13,"14":105,"15":105,"16":332,"17":332,"18":332,"19":438,"20":114,"21":324,"22":332,"23":8,"24":8,"25":8,"26":28,"27":8,"28":97,"29":97,"30":97,"31":146,"32":52,"33":94,"34":97,"35":3,"36":3,"37":3,"38":10,"39":3,"40":94,"41":94,"42":94,"43":113,"44":22,"45":91,"46":94,"47":3,"48":3,"49":3,"50":10,"51":3,"52":91},"f":{"0":118},"b":{"0":[137,354],"1":[13,354],"2":[114,324],"3":[8,324],"4":[52,94],"5":[3,94],"6":[22,91],"7":[3,91]},"meta":{"lastBranch":8,"lastFunction":1,"lastStatement":53,"seen":{"f:11:16:11:Infinity":0,"s:18:4:36:Infinity":0,"s:18:19:18:22":1,"s:19:25:19:Infinity":2,"s:20:8:27:Infinity":3,"s:20:23:20:26":4,"b:21:12:26:Infinity:24:17:26:Infinity":0,"s:21:12:26:Infinity":5,"s:22:16:22:Infinity":6,"s:25:16:25:Infinity":7,"b:29:8:35:Infinity:undefined:undefined:undefined:undefined":1,"s:29:8:35:Infinity":8,"s:30:18:30:Infinity":9,"s:31:12:33:Infinity":10,"s:31:27:31:30":11,"s:32:16:32:Infinity":12,"s:34:12:34:Infinity":13,"s:39:4:57:Infinity":14,"s:39:19:39:22":15,"s:40:25:40:Infinity":16,"s:41:8:48:Infinity":17,"s:41:23:41:26":18,"b:42:12:47:Infinity:45:17:47:Infinity":2,"s:42:12:47:Infinity":19,"s:43:16:43:Infinity":20,"s:46:16:46:Infinity":21,"b:50:8:56:Infinity:undefined:undefined:undefined:undefined":3,"s:50:8:56:Infinity":22,"s:51:18:51:Infinity":23,"s:52:12:54:Infinity":24,"s:52:27:52:30":25,"s:53:16:53:Infinity":26,"s:55:12:55:Infinity":27,"s:60:21:60:Infinity":28,"s:61:4:68:Infinity":29,"s:61:17:61:20":30,"b:62:8:67:Infinity:65:13:67:Infinity":4,"s:62:8:67:Infinity":31,"s:63:12:63:Infinity":32,"s:66:12:66:Infinity":33,"b:70:4:76:Infinity:undefined:undefined:undefined:undefined":5,"s:70:4:76:Infinity":34,"s:71:14:71:Infinity":35,"s:72:8:74:Infinity":36,"s:72:21:72:24":37,"s:73:12:73:Infinity":38,"s:75:8:75:Infinity":39,"s:79:4:79:Infinity":40,"s:80:4:87:Infinity":41,"s:80:17:80:20":42,"b:81:8:86:Infinity:84:13:86:Infinity":6,"s:81:8:86:Infinity":43,"s:82:12:82:Infinity":44,"s:85:12:85:Infinity":45,"b:89:4:95:Infinity:undefined:undefined:undefined:undefined":7,"s:89:4:95:Infinity":46,"s:90:14:90:Infinity":47,"s:91:8:93:Infinity":48,"s:91:21:91:24":49,"s:92:12:92:Infinity":50,"s:94:8:94:Infinity":51,"s:97:4:97:Infinity":52}}}
,"/var/www/html/razin/TicTacToe/app/utils/shared.ts": {"path":"/var/www/html/razin/TicTacToe/app/utils/shared.ts","statementMap":{"0":{"start":{"line":13,"column":4},"end":{"line":15,"column":null}},"1":{"start":{"line":14,"column":8},"end":{"line":14,"column":null}},"2":{"start":{"line":21,"column":29},"end":{"line":23,"column":null}},"3":{"start":{"line":22,"column":4},"end":{"line":22,"column":null}},"4":{"start":{"line":30,"column":29},"end":{"line":32,"column":null}},"5":{"start":{"line":31,"column":4},"end":{"line":31,"column":null}}},"fnMap":{"0":{"name":"initBoardMatrix","decl":{"start":{"line":8,"column":16},"end":{"line":8,"column":null}},"loc":{"start":{"line":12,"column":51},"end":{"line":16,"column":null}},"line":12},"1":{"name":"(anonymous_1)","decl":{"start":{"line":13,"column":48},"end":{"line":13,"column":null}},"loc":{"start":{"line":14,"column":8},"end":{"line":14,"column":null}},"line":14},"2":{"name":"(anonymous_2)","decl":{"start":{"line":21,"column":29},"end":{"line":21,"column":30}},"loc":{"start":{"line":21,"column":67},"end":{"line":23,"column":null}},"line":21},"3":{"name":"(anonymous_3)","decl":{"start":{"line":30,"column":29},"end":{"line":30,"column":30}},"loc":{"start":{"line":30,"column":66},"end":{"line":32,"column":null}},"line":30}},"branchMap":{"0":{"loc":{"start":{"line":22,"column":11},"end":{"line":22,"column":null}},"type":"cond-expr","locations":[{"start":{"line":22,"column":40},"end":{"line":22,"column":51}},{"start":{"line":22,"column":51},"end":{"line":22,"column":null}}],"line":22},"1":{"loc":{"start":{"line":31,"column":11},"end":{"line":31,"column":null}},"type":"binary-expr","locations":[{"start":{"line":31,"column":11},"end":{"line":31,"column":33}},{"start":{"line":31,"column":33},"end":{"line":31,"column":null}}],"line":31}},"s":{"0":111,"1":356,"2":26,"3":64,"4":26,"5":4},"f":{"0":111,"1":356,"2":64,"3":4},"b":{"0":[28,36],"1":[4,3]},"meta":{"lastBranch":2,"lastFunction":4,"lastStatement":6,"seen":{"f:8:16:8:Infinity":0,"s:13:4:15:Infinity":0,"f:13:48:13:Infinity":1,"s:14:8:14:Infinity":1,"s:21:29:23:Infinity":2,"f:21:29:21:30":2,"s:22:4:22:Infinity":3,"b:22:40:22:51:22:51:22:Infinity":0,"s:30:29:32:Infinity":4,"f:30:29:30:30":3,"s:31:4:31:Infinity":5,"b:31:11:31:33:31:33:31:Infinity":1}}}
}
